<?xml version="1.0" encoding="UTF-8"?>
<testsuite name="lab5.features.search.SearchByKeywordStory" tests="6" skipped="0" failures="0" errors="0" timestamp="2022-05-19T08:18:37" hostname="DESKTOP-CDPJS51" time="46.102">
  <properties/>
  <testcase name="TestLoginFailed" classname="lab5.features.search.SearchByKeywordStory" time="12.683"/>
  <testcase name="searchExistingBook" classname="lab5.features.search.SearchByKeywordStory" time="3.529"/>
  <testcase name="TestChangePasswordSuccessful" classname="lab5.features.search.SearchByKeywordStory" time="12.77"/>
  <testcase name="TestChangePasswordFailed" classname="lab5.features.search.SearchByKeywordStory" time="11.993"/>
  <testcase name="searchInexistingBook" classname="lab5.features.search.SearchByKeywordStory" time="2.271"/>
  <testcase name="TestLoginSuccessful" classname="lab5.features.search.SearchByKeywordStory" time="2.536"/>
  <system-out><![CDATA[]]></system-out>
  <system-err><![CDATA[SLF4J: Failed to load class "org.slf4j.impl.StaticLoggerBinder".
SLF4J: Defaulting to no-operation (NOP) logger implementation
SLF4J: See http://www.slf4j.org/codes.html#StaticLoggerBinder for further details.
Starting ChromeDriver 101.0.4951.41 (93c720db8323b3ec10d056025ab95c23a31997c9-refs/branch-heads/4951@{#904}) on port 53616
Only local connections are allowed.
Please see https://chromedriver.chromium.org/security-considerations for suggestions on keeping ChromeDriver safe.
ChromeDriver was started successfully.
May 19, 2022 11:18:44 AM org.openqa.selenium.remote.ProtocolHandshake createSession
INFO: Detected dialect: W3C
May 19, 2022 11:18:44 AM org.openqa.selenium.devtools.CdpVersionFinder findNearestMatch
INFO: Found exact CDP implementation for version 101
]]></system-err>
</testsuite>
